%!Adobe-FontList 1.23
%Locale:0x412

%BeginFont
Handler:DirectoryHandler
FontType:TrueType
FontName:McKloudWhite
FamilyName:McKloud White
StyleName:Regular
FullName:McKloud White
MenuName:McKloud White
StyleBits:0
WritingScript:Roman
OutlineFileName:C:\Users\lg-pc\Desktop\새 폴더\index1\index\Font\MCKLW___.ttf
DataFormat:sfntData
hasSVG:no
hasCOLR:no
VariableFontType:NonVariableFont
FileLength:126220
FileModTime:1698750720
WeightClass:400
WidthClass:5
AngleClass:0
NameArray:0,Mac,4,McKloud White
NameArray:0,Win,1,McKloud White
%EndFont

